<?xml version="1.0" encoding="UTF-8"?>
<testng-results ignored="0" total="4" passed="4" failed="0" skipped="0">
  <reporter-output>
  </reporter-output>
  <suite started-at="2024-11-13T13:14:57 IST" name="OrangeHRM test Suite" finished-at="2024-11-13T13:15:28 IST" duration-ms="31792">
    <groups>
    </groups>
    <test started-at="2024-11-13T13:14:57 IST" name="Admin Login TestCase with valid inputs" finished-at="2024-11-13T13:15:05 IST" duration-ms="8792">
      <class name="orangehrm.testcases.AdminLoginTestwithValidCredentials">
        <test-method signature="checkAdminLogin(java.lang.String,java.lang.String)[pri:0, instance:orangehrm.testcases.AdminLoginTestwithValidCredentials@71a8adcf]" started-at="2024-11-13T13:14:57 IST" name="checkAdminLogin" finished-at="2024-11-13T13:15:05 IST" duration-ms="8713" status="PASS">
          <params>
            <param index="0">
              <value>
                <![CDATA[Admin]]>
              </value>
            </param>
            <param index="1">
              <value>
                <![CDATA[Qedge123!@#]]>
              </value>
            </param>
          </params>
          <reporter-output>
          </reporter-output>
        </test-method> <!-- checkAdminLogin -->
      </class> <!-- orangehrm.testcases.AdminLoginTestwithValidCredentials -->
    </test> <!-- Admin Login TestCase with valid inputs -->
    <test started-at="2024-11-13T13:15:06 IST" name="Admin Login TestCase with invalid inputs" finished-at="2024-11-13T13:15:07 IST" duration-ms="1430">
      <class name="orangehrm.testcases.AdminLoginTestwithInvalidCredentials">
        <test-method signature="checkAdminLogin(java.lang.String,java.lang.String)[pri:0, instance:orangehrm.testcases.AdminLoginTestwithInvalidCredentials@5677323c]" started-at="2024-11-13T13:15:06 IST" name="checkAdminLogin" finished-at="2024-11-13T13:15:07 IST" duration-ms="1426" status="PASS">
          <params>
            <param index="0">
              <value>
                <![CDATA[abc]]>
              </value>
            </param>
            <param index="1">
              <value>
                <![CDATA[xyz]]>
              </value>
            </param>
          </params>
          <reporter-output>
          </reporter-output>
        </test-method> <!-- checkAdminLogin -->
      </class> <!-- orangehrm.testcases.AdminLoginTestwithInvalidCredentials -->
    </test> <!-- Admin Login TestCase with invalid inputs -->
    <test started-at="2024-11-13T13:15:07 IST" name="Employee Registration Test with valid data" finished-at="2024-11-13T13:15:17 IST" duration-ms="10006">
      <class name="orangehrm.testcases.EmployeeRegTest">
        <test-method is-config="true" signature="adminLogin()[pri:0, instance:orangehrm.testcases.EmployeeRegTest@f09733f]" started-at="2024-11-13T13:15:07 IST" name="adminLogin" finished-at="2024-11-13T13:15:09 IST" duration-ms="1622" status="PASS">
          <reporter-output>
          </reporter-output>
        </test-method> <!-- adminLogin -->
        <test-method signature="checkEmpReg(java.lang.String,java.lang.String)[pri:0, instance:orangehrm.testcases.EmployeeRegTest@f09733f]" started-at="2024-11-13T13:15:09 IST" name="checkEmpReg" finished-at="2024-11-13T13:15:16 IST" duration-ms="7129" status="PASS">
          <params>
            <param index="0">
              <value>
                <![CDATA[Jeelan]]>
              </value>
            </param>
            <param index="1">
              <value>
                <![CDATA[S]]>
              </value>
            </param>
          </params>
          <reporter-output>
          </reporter-output>
        </test-method> <!-- checkEmpReg -->
        <test-method is-config="true" signature="adminLogout()[pri:0, instance:orangehrm.testcases.EmployeeRegTest@f09733f]" started-at="2024-11-13T13:15:16 IST" name="adminLogout" finished-at="2024-11-13T13:15:17 IST" duration-ms="1251" status="PASS">
          <reporter-output>
          </reporter-output>
        </test-method> <!-- adminLogout -->
      </class> <!-- orangehrm.testcases.EmployeeRegTest -->
    </test> <!-- Employee Registration Test with valid data -->
    <test started-at="2024-11-13T13:15:17 IST" name="new User Registration Test" finished-at="2024-11-13T13:15:28 IST" duration-ms="11465">
      <class name="orangehrm.testcases.UserRegTest">
        <test-method is-config="true" signature="launchApp()[pri:0, instance:orangehrm.testcases.UserRegTest@1ffaf86]" started-at="2024-11-13T13:14:52 IST" name="launchApp" finished-at="2024-11-13T13:14:57 IST" duration-ms="4207" status="PASS">
          <reporter-output>
          </reporter-output>
        </test-method> <!-- launchApp -->
        <test-method is-config="true" signature="adminLogin()[pri:0, instance:orangehrm.testcases.UserRegTest@1ffaf86]" started-at="2024-11-13T13:15:17 IST" name="adminLogin" finished-at="2024-11-13T13:15:19 IST" duration-ms="1653" status="PASS">
          <reporter-output>
          </reporter-output>
        </test-method> <!-- adminLogin -->
        <test-method signature="checkuserReg(java.lang.String,java.lang.String,java.lang.String,java.lang.String)[pri:0, instance:orangehrm.testcases.UserRegTest@1ffaf86]" started-at="2024-11-13T13:15:19 IST" name="checkuserReg" finished-at="2024-11-13T13:15:27 IST" duration-ms="8479" status="PASS">
          <params>
            <param index="0">
              <value>
                <![CDATA[ESS]]>
              </value>
            </param>
            <param index="1">
              <value>
                <![CDATA[Jeelan S]]>
              </value>
            </param>
            <param index="2">
              <value>
                <![CDATA[Jeelan]]>
              </value>
            </param>
            <param index="3">
              <value>
                <![CDATA[Qedge123!@#]]>
              </value>
            </param>
          </params>
          <reporter-output>
          </reporter-output>
        </test-method> <!-- checkuserReg -->
        <test-method is-config="true" signature="adminLogout()[pri:0, instance:orangehrm.testcases.UserRegTest@1ffaf86]" started-at="2024-11-13T13:15:27 IST" name="adminLogout" finished-at="2024-11-13T13:15:28 IST" duration-ms="1326" status="PASS">
          <reporter-output>
          </reporter-output>
        </test-method> <!-- adminLogout -->
        <test-method is-config="true" signature="closeApp()[pri:0, instance:orangehrm.testcases.UserRegTest@1ffaf86]" started-at="2024-11-13T13:15:28 IST" name="closeApp" finished-at="2024-11-13T13:15:29 IST" duration-ms="1041" status="PASS">
          <reporter-output>
          </reporter-output>
        </test-method> <!-- closeApp -->
      </class> <!-- orangehrm.testcases.UserRegTest -->
    </test> <!-- new User Registration Test -->
  </suite> <!-- OrangeHRM test Suite -->
</testng-results>
